
An unexpected exception has been detected in native code outside the VM.
Unexpected Signal : EXCEPTION_ACCESS_VIOLATION occurred at PC=0x6d25526f
Function name=JNU_GetEnv
Library=C:\MATLAB6p5p1\sys\java\jre\win32\jre\bin\java.dll

Current Java thread:

Dynamic libraries:
0x00400000 - 0x005FB000 	C:\MATLAB6p5p1\bin\win32\matlab.exe
0x77F50000 - 0x77FF6000 	C:\WINDOWS\System32\ntdll.dll
0x77E60000 - 0x77F45000 	C:\WINDOWS\system32\kernel32.dll
0x77D40000 - 0x77DC6000 	C:\WINDOWS\system32\USER32.dll
0x77C70000 - 0x77CAE000 	C:\WINDOWS\system32\GDI32.dll
0x77DD0000 - 0x77E5B000 	C:\WINDOWS\system32\ADVAPI32.dll
0x78000000 - 0x7806F000 	C:\WINDOWS\system32\RPCRT4.dll
0x771B0000 - 0x772C3000 	C:\WINDOWS\system32\ole32.dll
0x77C00000 - 0x77C07000 	C:\WINDOWS\system32\VERSION.dll
0x7A000000 - 0x7A00D000 	C:\MATLAB6p5p1\bin\win32\mwoles05.dll
0x77120000 - 0x771AB000 	C:\WINDOWS\system32\OLEAUT32.dll
0x77C10000 - 0x77C63000 	C:\WINDOWS\system32\MSVCRT.DLL
0x7A740000 - 0x7A800000 	C:\MATLAB6p5p1\bin\win32\libut.dll
0x76C90000 - 0x76CB2000 	C:\WINDOWS\system32\IMAGEHLP.dll
0x7B140000 - 0x7B168000 	C:\MATLAB6p5p1\bin\win32\libmx.dll
0x7AFA0000 - 0x7AFA7000 	C:\MATLAB6p5p1\bin\win32\libmex.dll
0x7AFB0000 - 0x7AFC3000 	C:\MATLAB6p5p1\bin\win32\libmwservices.dll
0x7A660000 - 0x7A674000 	C:\MATLAB6p5p1\bin\win32\mpath.dll
0x7A800000 - 0x7A8C5000 	C:\MATLAB6p5p1\bin\win32\m_interpreter.dll
0x7AFD0000 - 0x7AFD9000 	C:\MATLAB6p5p1\bin\win32\libmat.dll
0x7AAD0000 - 0x7AB5B000 	C:\MATLAB6p5p1\bin\win32\mlib.dll
0x7AAC0000 - 0x7AACE000 	C:\MATLAB6p5p1\bin\win32\m_pcodeio.dll
0x7AA40000 - 0x7AAA3000 	C:\MATLAB6p5p1\bin\win32\m_ir.dll
0x7A8D0000 - 0x7AA3F000 	C:\MATLAB6p5p1\bin\win32\m_parser.dll
0x7AAB0000 - 0x7AABF000 	C:\MATLAB6p5p1\bin\win32\m_pcodegen.dll
0x7B010000 - 0x7B016000 	C:\MATLAB6p5p1\bin\win32\m_dispatcher.dll
0x7A010000 - 0x7A0E8000 	C:\MATLAB6p5p1\bin\win32\hg.dll
0x7A610000 - 0x7A65F000 	C:\MATLAB6p5p1\bin\win32\numerics.dll
0x7AB80000 - 0x7AB8F000 	C:\MATLAB6p5p1\bin\win32\libmwlapack.dll
0x7AB90000 - 0x7ABEC000 	C:\MATLAB6p5p1\bin\win32\libmwfftw.dll
0x7AFE0000 - 0x7B00B000 	C:\MATLAB6p5p1\bin\win32\libmwumfpack.dll
0x7A680000 - 0x7A6E2000 	C:\MATLAB6p5p1\bin\win32\udd.dll
0x7A520000 - 0x7A593000 	C:\MATLAB6p5p1\bin\win32\uiw.dll
0x73000000 - 0x73023000 	C:\WINDOWS\System32\WINSPOOL.DRV
0x763B0000 - 0x763F5000 	C:\WINDOWS\system32\comdlg32.dll
0x63180000 - 0x631E4000 	C:\WINDOWS\system32\SHLWAPI.dll
0x77340000 - 0x773CB000 	C:\WINDOWS\system32\COMCTL32.dll
0x773D0000 - 0x77BBF000 	C:\WINDOWS\system32\SHELL32.dll
0x7A5A0000 - 0x7A608000 	C:\MATLAB6p5p1\bin\win32\gui.dll
0x7A110000 - 0x7A4FA000 	C:\MATLAB6p5p1\bin\win32\simulink.dll
0x76390000 - 0x763AA000 	C:\WINDOWS\System32\IMM32.dll
0x7B020000 - 0x7B047000 	C:\MATLAB6p5p1\bin\win32\libmwbuiltins.dll
0x7B050000 - 0x7B0A8000 	C:\MATLAB6p5p1\bin\win32\cg_ir.dll
0x7B0B0000 - 0x7B0D3000 	C:\MATLAB6p5p1\bin\win32\libfixedpoint.dll
0x7B0E0000 - 0x7B0E8000 	C:\MATLAB6p5p1\bin\win32\glee.dll
0x7B0F0000 - 0x7B117000 	C:\MATLAB6p5p1\bin\win32\jmi.dll
0x7A0F0000 - 0x7A102000 	C:\MATLAB6p5p1\bin\win32\dastudio.dll
0x7A500000 - 0x7A51D000 	C:\MATLAB6p5p1\bin\win32\hardcopy.dll
0x7AB60000 - 0x7AB7A000 	C:\MATLAB6p5p1\bin\win32\sl_solver.dll
0x79000000 - 0x790F2000 	C:\MATLAB6p5p1\bin\win32\MFC42.DLL
0x7B170000 - 0x7B185000 	C:\MATLAB6p5p1\bin\win32\mclcom.dll
0x7A6F0000 - 0x7A734000 	C:\MATLAB6p5p1\bin\win32\udd_mi.dll
0x7B120000 - 0x7B13E000 	C:\MATLAB6p5p1\bin\win32\comcli.dll
0x780C0000 - 0x78121000 	C:\MATLAB6p5p1\bin\win32\MSVCP60.dll
0x71C20000 - 0x71C6D000 	C:\WINDOWS\System32\NETAPI32.dll
0x10000000 - 0x100FE000 	C:\MATLAB6p5p1\bin\win32\atlas_P4.dll
0x7ABF0000 - 0x7AE56000 	C:\MATLAB6p5p1\bin\win32\lapack.dll
0x01580000 - 0x015EE000 	C:\MATLAB6p5p1\bin\win32\DFORRT.dll
0x71950000 - 0x71A34000 	C:\WINDOWS\WinSxS\x86_Microsoft.Windows.Common-Controls_6595b64144ccf1df_6.0.0.0_x-ww_1382d70a\comctl32.dll
0x71AB0000 - 0x71AC5000 	C:\WINDOWS\System32\WS2_32.Dll
0x71AA0000 - 0x71AA8000 	C:\WINDOWS\System32\WS2HELP.dll
0x74290000 - 0x74294000 	C:\WINDOWS\System32\icmp.Dll
0x76D60000 - 0x76D75000 	C:\WINDOWS\System32\iphlpapi.dll
0x76DE0000 - 0x76E06000 	C:\WINDOWS\System32\netman.dll
0x76D40000 - 0x76D56000 	C:\WINDOWS\System32\MPRAPI.dll
0x76E40000 - 0x76E6F000 	C:\WINDOWS\System32\ACTIVEDS.dll
0x76E10000 - 0x76E34000 	C:\WINDOWS\System32\adsldpc.dll
0x76F60000 - 0x76F8C000 	C:\WINDOWS\system32\WLDAP32.dll
0x76B20000 - 0x76B35000 	C:\WINDOWS\System32\ATL.DLL
0x76E80000 - 0x76E8D000 	C:\WINDOWS\System32\rtutils.dll
0x71BF0000 - 0x71C01000 	C:\WINDOWS\System32\SAMLIB.dll
0x76670000 - 0x76754000 	C:\WINDOWS\System32\SETUPAPI.dll
0x016E0000 - 0x01719000 	C:\WINDOWS\System32\RASAPI32.dll
0x76E90000 - 0x76EA1000 	C:\WINDOWS\System32\rasman.dll
0x76EB0000 - 0x76EDA000 	C:\WINDOWS\System32\TAPI32.dll
0x76B40000 - 0x76B6C000 	C:\WINDOWS\System32\WINMM.dll
0x76F90000 - 0x76FA0000 	C:\WINDOWS\System32\Secur32.dll
0x76DA0000 - 0x76DD0000 	C:\WINDOWS\System32\WZCSvc.DLL
0x76D30000 - 0x76D34000 	C:\WINDOWS\System32\WMI.dll
0x76D80000 - 0x76D9A000 	C:\WINDOWS\System32\DHCPCSVC.DLL
0x76F20000 - 0x76F45000 	C:\WINDOWS\System32\DNSAPI.dll
0x762C0000 - 0x76348000 	C:\WINDOWS\system32\CRYPT32.dll
0x762A0000 - 0x762B0000 	C:\WINDOWS\system32\MSASN1.dll
0x76F50000 - 0x76F58000 	C:\WINDOWS\System32\WTSAPI32.dll
0x76360000 - 0x7636F000 	C:\WINDOWS\System32\WINSTA.dll
0x71A50000 - 0x71A8B000 	C:\WINDOWS\System32\mswsock.dll
0x76FB0000 - 0x76FB7000 	C:\WINDOWS\System32\winrnr.dll
0x71A90000 - 0x71A98000 	C:\WINDOWS\System32\wshtcpip.dll
0x76FC0000 - 0x76FC5000 	C:\WINDOWS\System32\rasadhlp.dll
0x6D420000 - 0x6D4EE000 	C:\MATLAB6p5p1\sys\java\jre\win32\jre\bin\hotspot\jvm.dll
0x6D220000 - 0x6D227000 	C:\MATLAB6p5p1\sys\java\jre\win32\jre\bin\hpi.dll
0x6D3B0000 - 0x6D3BD000 	C:\MATLAB6p5p1\sys\java\jre\win32\jre\bin\verify.dll
0x6D250000 - 0x6D266000 	C:\MATLAB6p5p1\sys\java\jre\win32\jre\bin\java.dll
0x6D3C0000 - 0x6D3CD000 	C:\MATLAB6p5p1\sys\java\jre\win32\jre\bin\zip.dll
0x6D020000 - 0x6D128000 	C:\MATLAB6p5p1\sys\java\jre\win32\jre\bin\awt.dll
0x6D1E0000 - 0x6D21B000 	C:\MATLAB6p5p1\sys\java\jre\win32\jre\bin\fontmanager.dll
0x5ED00000 - 0x5EDC6000 	C:\WINDOWS\System32\OPENGL32.dll
0x68B20000 - 0x68B3E000 	C:\WINDOWS\System32\GLU32.dll
0x73760000 - 0x737A5000 	C:\WINDOWS\System32\DDRAW.dll
0x73BC0000 - 0x73BC6000 	C:\WINDOWS\System32\DCIMAN32.dll
0x0EDF0000 - 0x0EFBA000 	C:\WINDOWS\System32\ialmgicd.dll
0x01CD0000 - 0x01D00000 	C:\WINDOWS\System32\ialmgdev.dll
0x7AF80000 - 0x7AF97000 	C:\MATLAB6p5p1\bin\win32\nativejava.dll
0x7AF60000 - 0x7AF77000 	C:\MATLAB6p5p1\bin\win32\glren.dll
0x76840000 - 0x76873000 	C:\WINDOWS\System32\spool\DRIVERS\W32X86\3\UNIDRVUI.DLL
0x01D70000 - 0x01D75000 	C:\MATLAB6p5p1\toolbox\matlab\datatypes\cellfun.dll
0x01DC0000 - 0x01DD3000 	C:\Projects\LightScattering\LSCode\MieFun\SubPreMex\MC.dll
0x21030000 - 0x210A6000 	C:\MATLAB6p5p1\bin\win32\DFORMD.DLL
0x6D510000 - 0x6D58C000 	C:\WINDOWS\system32\DBGHELP.dll
0x76BF0000 - 0x76BFB000 	C:\WINDOWS\System32\PSAPI.DLL

Local Time = Fri Sep 03 22:30:45 2004
Elapsed Time = 35990
#
# The exception above was detected in native code outside the VM
#
# Java VM: Java HotSpot(TM) Client VM (1.3.1_01 mixed mode)
#
